[19/8/2020 15:0:48] /save
[19/8/2020 15:1:50] /reload creaturescripts
[19/8/2020 15:2:23] /reload creaturescripts
[19/8/2020 17:43:28] /t
[19/8/2020 17:43:34] /town 1
[19/8/2020 17:43:36] /town 2
[19/8/2020 17:49:54] /i sudden death rune
[19/8/2020 19:10:25] /goto Holanda
[19/8/2020 19:10:32] /reload config
[19/8/2020 19:11:14] /c galego
[19/8/2020 19:29:31] /reload mods
[19/8/2020 19:29:38] /reload actions
[19/8/2020 19:31:27] /reload actions
[19/8/2020 19:32:47] /goto Holanda
[19/8/2020 19:32:49] /c Galego
[19/8/2020 19:35:11] /goto Golanda
[19/8/2020 19:35:14] /goto Galego
[19/8/2020 19:35:17] /goto Holanda
[19/8/2020 19:53:41] /c Galego
[19/8/2020 19:54:19] /c Galego
[19/8/2020 21:31:36] /goto Holanda
[19/8/2020 21:31:39] /c galeo
[19/8/2020 21:31:41] /c galego
[19/8/2020 21:52:35] /reload actions
[19/8/2020 22:17:19] /c galego
[19/8/2020 22:28:25] /c Galego
[19/8/2020 23:19:8] /reload actions
[19/8/2020 23:52:53] /reload actions
[19/8/2020 23:53:11] /reload actions
[19/8/2020 23:54:21] /reload actions
[19/8/2020 23:54:52] /reload actions
[19/8/2020 23:55:55] /reload actions
[20/8/2020 10:37:1] /reload spells
[20/8/2020 10:42:48] /reload actions
[20/8/2020 10:42:59] /goto holanda
[20/8/2020 10:43:11] /i great mana potion
[20/8/2020 10:47:53] /reload actions
[20/8/2020 11:0:38] /reload actions
[20/8/2020 16:15:28] /goto Holanda
[20/8/2020 16:15:32] /c Galego
[20/8/2020 16:20:23] /c Galego
[20/8/2020 16:20:47] /c Galego
[20/8/2020 16:24:41] /c Galego
[20/8/2020 16:31:59] /c Galego
[20/8/2020 16:34:24] /c Galego
[20/8/2020 16:34:52] /c Galego
[20/8/2020 16:34:55] /c Galego
[20/8/2020 16:35:28] /c Galego
[20/8/2020 18:44:47] /c Galego
[20/8/2020 18:45:17] /c Galego
[21/8/2020 16:7:16] /reload
[21/8/2020 16:7:22] /reload actions
[21/8/2020 18:43:3] /i bag orange
[21/8/2020 18:43:6] /i bag
[21/8/2020 18:43:10] /i orange bag
[21/8/2020 18:43:17] /i yellow bag
[21/8/2020 18:43:27] /i red bag
[21/8/2020 18:47:23] /i explosion rune
[21/8/2020 21:8:52] /goto Mariana
[21/8/2020 21:9:0] /c holanda
[21/8/2020 21:12:29] /goto Mariana
[21/8/2020 21:12:32] /c Holanda
[21/8/2020 21:14:52] /goto Mariana
[21/8/2020 21:14:54] /c holanda
[21/8/2020 21:16:39] /goto Holanda
[21/8/2020 21:16:41] /c Killer
[21/8/2020 21:17:38] /c galego
[21/8/2020 21:18:13] /c galego
[21/8/2020 21:20:19] /goto holand
[21/8/2020 21:20:20] /goto holand
[21/8/2020 21:20:22] /goto holanda
[21/8/2020 21:20:25] /c Galego
[21/8/2020 21:20:45] /c Galego
[21/8/2020 21:22:22] /goto holanda
[21/8/2020 21:22:25] /c galego
[21/8/2020 21:22:46] /c galego
[21/8/2020 21:25:2] /c Galego
[21/8/2020 21:25:26] /c Galego
[21/8/2020 21:27:24] /c Galego
[21/8/2020 21:31:36] /goto holanda
[21/8/2020 21:31:38] /c Galego
[21/8/2020 21:33:20] /c Galego
[21/8/2020 21:36:13] /c Galego
[21/8/2020 21:37:45] /c Galego
[21/8/2020 21:43:44] /c Galego
[21/8/2020 22:2:50] /goto holanda
[21/8/2020 22:2:52] /c Galego
[21/8/2020 22:3:30] /c Galego
[21/8/2020 22:3:52] /c Galego
[21/8/2020 22:4:7] /c Galego
[21/8/2020 22:4:25] /c Galego
[21/8/2020 22:5:53] /c Galego
[21/8/2020 22:14:52] /c Galego
[21/8/2020 22:15:29] /c Galego
[21/8/2020 22:24:13] /c Galego
[21/8/2020 22:28:26] /c Galego
[21/8/2020 22:29:33] /c Galego
[22/8/2020 15:3:55] /reload actions
[22/8/2020 15:5:27] /t
